<?xml version="1.0" encoding="UTF-8" ?>
<testsuite failures="0" time="0.114" errors="1" skipped="0" tests="3" name="ParkingManagerTest">
  <properties>
[...]
</properties>
  <testcase time="0" classname="ParkingManagerTest" name="should_park_car_by_parking_boy"/>
  <testcase time="0" classname="ParkingManagerTest" name="should_park_car_by_own_parking_lot"/>
  <testcase time="0.111" classname="ParkingManagerTest" name="should_use_webservice_correctly">
    <error message="Failed to access the WSDL at: file:/Users/twer/Downloads/java/SelfTest/wsdl/ebpm/OnlineShopNBNOrder.wsdl. It failed with: 
	Got /Users/twer/Downloads/java/SelfTest/wsdl/ebpm/OnlineShopNBNOrder.wsdl (No such file or directory) while opening stream from file:/Users/twer/Downloads/java/SelfTest/wsdl/ebpm/OnlineShopNBNOrder.wsdl." type="javax.xml.ws.WebServiceException">javax.xml.ws.WebServiceException: Failed to access the WSDL at: file:/Users/twer/Downloads/java/SelfTest/wsdl/ebpm/OnlineShopNBNOrder.wsdl. It failed with: 
	Got /Users/twer/Downloads/java/SelfTest/wsdl/ebpm/OnlineShopNBNOrder.wsdl (No such file or directory) while opening stream from file:/Users/twer/Downloads/java/SelfTest/wsdl/ebpm/OnlineShopNBNOrder.wsdl.
	at com.sun.xml.internal.ws.wsdl.parser.RuntimeWSDLParser.tryWithMex(RuntimeWSDLParser.java:173)
	at com.sun.xml.internal.ws.wsdl.parser.RuntimeWSDLParser.parse(RuntimeWSDLParser.java:155)
	at com.sun.xml.internal.ws.wsdl.parser.RuntimeWSDLParser.parse(RuntimeWSDLParser.java:120)
	at com.sun.xml.internal.ws.client.WSServiceDelegate.parseWSDL(WSServiceDelegate.java:257)
	at com.sun.xml.internal.ws.client.WSServiceDelegate.&lt;init&gt;(WSServiceDelegate.java:220)
	at com.sun.xml.internal.ws.client.WSServiceDelegate.&lt;init&gt;(WSServiceDelegate.java:168)
	at com.sun.xml.internal.ws.spi.ProviderImpl.createServiceDelegate(ProviderImpl.java:96)
	at javax.xml.ws.Service.&lt;init&gt;(Service.java:77)
	at pegarules.soap.nbnamtcom.onlineshopnbnorder.OnlineShopNBNOrderService.&lt;init&gt;(OnlineShopNBNOrderService.java:46)
	at ParkingManagerTest.should_use_webservice_correctly(ParkingManagerTest.java:59)
	at sun.reflect.NativeMethodAccessorImpl.invoke0(Native Method)
	at sun.reflect.NativeMethodAccessorImpl.invoke(NativeMethodAccessorImpl.java:57)
	at sun.reflect.DelegatingMethodAccessorImpl.invoke(DelegatingMethodAccessorImpl.java:43)
	at java.lang.reflect.Method.invoke(Method.java:606)
	at org.junit.runners.model.FrameworkMethod$1.runReflectiveCall(FrameworkMethod.java:44)
	at org.junit.internal.runners.model.ReflectiveCallable.run(ReflectiveCallable.java:15)
	at org.junit.runners.model.FrameworkMethod.invokeExplosively(FrameworkMethod.java:41)
	at org.junit.internal.runners.statements.InvokeMethod.evaluate(InvokeMethod.java:20)
	at org.junit.runners.BlockJUnit4ClassRunner.runNotIgnored(BlockJUnit4ClassRunner.java:79)
	at org.junit.runners.BlockJUnit4ClassRunner.runChild(BlockJUnit4ClassRunner.java:71)
	at org.junit.runners.BlockJUnit4ClassRunner.runChild(BlockJUnit4ClassRunner.java:49)
	at org.junit.runners.ParentRunner$3.run(ParentRunner.java:193)
	at org.junit.runners.ParentRunner$1.schedule(ParentRunner.java:52)
	at org.junit.runners.ParentRunner.runChildren(ParentRunner.java:191)
	at org.junit.runners.ParentRunner.access$000(ParentRunner.java:42)
	at org.junit.runners.ParentRunner$2.evaluate(ParentRunner.java:184)
	at org.junit.runners.ParentRunner.run(ParentRunner.java:236)
	at org.apache.maven.surefire.junit4.JUnit4TestSet.execute(JUnit4TestSet.java:35)
	at org.apache.maven.surefire.junit4.JUnit4Provider.executeTestSet(JUnit4Provider.java:115)
	at org.apache.maven.surefire.junit4.JUnit4Provider.invoke(JUnit4Provider.java:97)
	at sun.reflect.NativeMethodAccessorImpl.invoke0(Native Method)
	at sun.reflect.NativeMethodAccessorImpl.invoke(NativeMethodAccessorImpl.java:57)
	at sun.reflect.DelegatingMethodAccessorImpl.invoke(DelegatingMethodAccessorImpl.java:43)
	at java.lang.reflect.Method.invoke(Method.java:606)
	at org.apache.maven.surefire.booter.ProviderFactory$ClassLoaderProxy.invoke(ProviderFactory.java:103)
	at com.sun.proxy.$Proxy0.invoke(Unknown Source)
	at org.apache.maven.surefire.booter.SurefireStarter.invokeProvider(SurefireStarter.java:150)
	at org.apache.maven.surefire.booter.SurefireStarter.runSuitesInProcess(SurefireStarter.java:91)
	at org.apache.maven.surefire.booter.ForkedBooter.main(ForkedBooter.java:69)
Caused by: java.io.IOException: Got /Users/twer/Downloads/java/SelfTest/wsdl/ebpm/OnlineShopNBNOrder.wsdl (No such file or directory) while opening stream from file:/Users/twer/Downloads/java/SelfTest/wsdl/ebpm/OnlineShopNBNOrder.wsdl
	at com.sun.xml.internal.ws.wsdl.parser.RuntimeWSDLParser.createReader(RuntimeWSDLParser.java:842)
	at com.sun.xml.internal.ws.wsdl.parser.RuntimeWSDLParser.resolveWSDL(RuntimeWSDLParser.java:283)
	at com.sun.xml.internal.ws.wsdl.parser.RuntimeWSDLParser.parse(RuntimeWSDLParser.java:140)
	... 37 more
Caused by: java.io.FileNotFoundException: /Users/twer/Downloads/java/SelfTest/wsdl/ebpm/OnlineShopNBNOrder.wsdl (No such file or directory)
	at java.io.FileInputStream.open(Native Method)
	at java.io.FileInputStream.&lt;init&gt;(FileInputStream.java:138)
	at java.io.FileInputStream.&lt;init&gt;(FileInputStream.java:97)
	at sun.net.www.protocol.file.FileURLConnection.connect(FileURLConnection.java:90)
	at sun.net.www.protocol.file.FileURLConnection.getInputStream(FileURLConnection.java:188)
	at java.net.URL.openStream(URL.java:1037)
	at com.sun.xml.internal.ws.wsdl.parser.RuntimeWSDLParser.createReader(RuntimeWSDLParser.java:827)
	... 39 more
</error>
    <system-err>Nov 03, 2013 8:33:08 PM pegarules.soap.nbnamtcom.onlineshopnbnorder.OnlineShopNBNOrderService &lt;clinit&gt;
WARNING: Failed to create URL for the wsdl Location: &apos;wsdl/ebpm/OnlineShopNBNOrder.wsdl&apos;, retrying as a local file
Nov 03, 2013 8:33:08 PM pegarules.soap.nbnamtcom.onlineshopnbnorder.OnlineShopNBNOrderService &lt;clinit&gt;
WARNING: no protocol: wsdl/ebpm/OnlineShopNBNOrder.wsdl
</system-err>
  </testcase>
</testsuite>